<?xml version="1.0" encoding="UTF-8"?>
<!-- Generated by org.testng.reporters.JUnitReportReporter -->
<testsuite hostname="INLEN8520071911" failures="0" tests="1" name="seleniumProjects.Demo" time="9.403" errors="0" timestamp="2025-08-28T13:29:27 GMT-04:00" skipped="0">
  <testcase classname="seleniumProjects.Demo" name="test" time="9.403"/>
</testsuite> <!-- seleniumProjects.Demo -->
